Time resolution is 1 ps
time:                   6
PC:00000000
Inst:39900313
ra:00000000
x5(t0):00000000
x6(t1):00000000
x7(t2):00000000
x28(t3):00000000
x29(t4):00000000
time:                  12
PC:00000004
Inst:00602223
ra:00000000
x5(t0):00000000
x6(t1):00000000
x7(t2):00000000
x28(t3):00000000
x29(t4):00000000
time:                  18
PC:00000008
Inst:00400283
ra:00000000
x5(t0):00000000
x6(t1):00000000
x7(t2):00000000
x28(t3):00000000
x29(t4):00000000
time:                  24
PC:0000000c
Inst:00502023
ra:00000000
x5(t0):00000000
x6(t1):00000000
x7(t2):00000000
x28(t3):00000000
x29(t4):00000000
time:                  30
PC:00000010
Inst:02030063
ra:00000000
x5(t0):00000000
x6(t1):00000399
x7(t2):00000000
x28(t3):00000000
x29(t4):00000000
time:                  36
PC:00000014
Inst:00002e03
ra:00000000
x5(t0):00000000
x6(t1):00000399
x7(t2):00000000
x28(t3):00000000
x29(t4):00000000
time:                  42
PC:00000018
Inst:01c29c63
ra:00000000
x5(t0):ffffff99
x6(t1):00000399
x7(t2):00000000
x28(t3):00000000
x29(t4):00000000
time:                  48
PC:0000001c
Inst:01c283b3
ra:00000000
x5(t0):ffffff99
x6(t1):00000399
x7(t2):00000000
x28(t3):00000000
x29(t4):00000000
time:                  54
PC:0000001c
Inst:01c283b3
ra:00000000
x5(t0):ffffff99
x6(t1):00000399
x7(t2):00000000
x28(t3):00000000
x29(t4):00000000
time:                  60
PC:0000001c
Inst:01c283b3
ra:00000000
x5(t0):ffffff99
x6(t1):00000399
x7(t2):00000000
x28(t3):ffffff99
x29(t4):00000000
time:                  66
PC:00000020
Inst:01c3f333
ra:00000000
x5(t0):ffffff99
x6(t1):00000399
x7(t2):00000000
x28(t3):ffffff99
x29(t4):00000000
time:                  72
PC:00000024
Inst:0003f313
ra:00000000
x5(t0):ffffff99
x6(t1):00000399
x7(t2):00000000
x28(t3):ffffff99
x29(t4):00000000
time:                  78
PC:00000028
Inst:400302b3
ra:00000000
x5(t0):ffffff99
x6(t1):00000399
x7(t2):00000000
x28(t3):ffffff99
x29(t4):00000000
time:                  84
PC:0000002c
Inst:0062d463
ra:00000000
x5(t0):ffffff99
x6(t1):00000399
x7(t2):ffffff32
x28(t3):ffffff99
x29(t4):00000000
time:                  90
PC:00000030
Inst:000003b3
ra:00000000
x5(t0):ffffff99
x6(t1):ffffff10
x7(t2):ffffff32
x28(t3):ffffff99
x29(t4):00000000
time:                  96
PC:00000030
Inst:000003b3
ra:00000000
x5(t0):ffffff99
x6(t1):00000000
x7(t2):ffffff32
x28(t3):ffffff99
x29(t4):00000000
time:                 102
PC:00000034
Inst:00c000ef
ra:00000000
x5(t0):00000000
x6(t1):00000000
x7(t2):ffffff32
x28(t3):ffffff99
x29(t4):00000000
time:                 108
PC:00000038
Inst:014000ef
ra:00000000
x5(t0):00000000
x6(t1):00000000
x7(t2):ffffff32
x28(t3):ffffff99
x29(t4):00000000
time:                 114
PC:00000040
Inst:007e6e33
ra:00000000
x5(t0):00000000
x6(t1):00000000
x7(t2):ffffff32
x28(t3):ffffff99
x29(t4):00000000
time:                 120
PC:00000044
Inst:00008067
ra:00000000
x5(t0):00000000
x6(t1):00000000
x7(t2):ffffff32
x28(t3):ffffff99
x29(t4):00000000
time:                 126
PC:00000048
Inst:04800313
ra:00000038
x5(t0):00000000
x6(t1):00000000
x7(t2):ffffff32
x28(t3):ffffff99
x29(t4):00000000
time:                 132
PC:0000004c
Inst:0ac00293
ra:00000038
x5(t0):00000000
x6(t1):00000000
x7(t2):ffffff32
x28(t3):ffffff99
x29(t4):00000000
time:                 138
PC:00000038
Inst:014000ef
ra:00000038
x5(t0):00000000
x6(t1):00000000
x7(t2):ffffff32
x28(t3):ffffffbb
x29(t4):00000000
time:                 144
PC:0000003c
Inst:00000e33
ra:00000038
x5(t0):00000000
x6(t1):00000000
x7(t2):ffffff32
x28(t3):ffffffbb
x29(t4):00000000
time:                 150
PC:0000004c
Inst:0ac00293
ra:00000038
x5(t0):00000000
x6(t1):00000000
x7(t2):ffffff32
x28(t3):ffffffbb
x29(t4):00000000
time:                 156
PC:00000050
Inst:00000000
ra:00000038
x5(t0):00000000
x6(t1):00000000
x7(t2):ffffff32
x28(t3):ffffffbb
x29(t4):00000000
time:                 162
PC:00000054
Inst:00000000
ra:0000003c
x5(t0):00000000
x6(t1):00000000
x7(t2):ffffff32
x28(t3):ffffffbb
x29(t4):00000000
time:                 168
PC:00000058
Inst:00000000
ra:0000003c
x5(t0):00000000
x6(t1):00000000
x7(t2):ffffff32
x28(t3):ffffffbb
x29(t4):00000000
time:                 174
PC:0000005c
Inst:00000000
ra:0000003c
x5(t0):000000ac
x6(t1):00000000
x7(t2):ffffff32
x28(t3):ffffffbb
x29(t4):00000000
time:                 180
PC:00000060
Inst:00000000
ra:0000003c
x5(t0):000000ac
x6(t1):00000000
x7(t2):ffffff32
x28(t3):ffffffbb
x29(t4):00000000
time:                 186
PC:00000064
Inst:00000000
ra:0000003c
x5(t0):000000ac
x6(t1):00000000
x7(t2):ffffff32
x28(t3):ffffffbb
x29(t4):00000000
time:                 192
PC:00000068
Inst:00000000
ra:0000003c
x5(t0):000000ac
x6(t1):00000000
x7(t2):ffffff32
x28(t3):ffffffbb
x29(t4):00000000
time:                 198
PC:0000006c
Inst:00000000
ra:0000003c
x5(t0):000000ac
x6(t1):00000000
x7(t2):ffffff32
x28(t3):ffffffbb
x29(t4):00000000
$stop called at time : 200 ns : File "D:/VE370_Vivado/Lab4_1/Lab4_1.srcs/sim_1/new/Sim.v" Line 51
