Time resolution is 1 ps
time:                   6
PC:00000000
Inst:19300293
ra:00000000
x5(t0):00000000
x6(t1):00000000
x7(t2):00000000
x28(t3):00000000
x29(t4):00000000
time:                  12
PC:00000004
Inst:00000013
ra:00000000
x5(t0):00000000
x6(t1):00000000
x7(t2):00000000
x28(t3):00000000
x29(t4):00000000
time:                  18
PC:00000008
Inst:00000013
ra:00000000
x5(t0):00000000
x6(t1):00000000
x7(t2):00000000
x28(t3):00000000
x29(t4):00000000
time:                  24
PC:0000000c
Inst:00528333
ra:00000000
x5(t0):00000000
x6(t1):00000000
x7(t2):00000000
x28(t3):00000000
x29(t4):00000000
time:                  30
PC:00000010
Inst:00000013
ra:00000000
x5(t0):00000193
x6(t1):00000000
x7(t2):00000000
x28(t3):00000000
x29(t4):00000000
time:                  36
PC:00000014
Inst:00000013
ra:00000000
x5(t0):00000193
x6(t1):00000000
x7(t2):00000000
x28(t3):00000000
x29(t4):00000000
time:                  42
PC:00000018
Inst:406003b3
ra:00000000
x5(t0):00000193
x6(t1):00000000
x7(t2):00000000
x28(t3):00000000
x29(t4):00000000
time:                  48
PC:0000001c
Inst:0062fe33
ra:00000000
x5(t0):00000193
x6(t1):00000326
x7(t2):00000000
x28(t3):00000000
x29(t4):00000000
time:                  54
PC:00000020
Inst:00200e13
ra:00000000
x5(t0):00000193
x6(t1):00000326
x7(t2):00000000
x28(t3):00000000
x29(t4):00000000
time:                  60
PC:00000024
Inst:00000013
ra:00000000
x5(t0):00000193
x6(t1):00000326
x7(t2):00000000
x28(t3):00000000
x29(t4):00000000
time:                  66
PC:00000028
Inst:00000013
ra:00000000
x5(t0):00000193
x6(t1):00000326
x7(t2):fffffcda
x28(t3):00000000
x29(t4):00000000
time:                  72
PC:0000002c
Inst:01c31333
ra:00000000
x5(t0):00000193
x6(t1):00000326
x7(t2):fffffcda
x28(t3):00000102
x29(t4):00000000
time:                  78
PC:00000030
Inst:00000013
ra:00000000
x5(t0):00000193
x6(t1):00000326
x7(t2):fffffcda
x28(t3):00000002
x29(t4):00000000
time:                  84
PC:00000034
Inst:00000013
ra:00000000
x5(t0):00000193
x6(t1):00000326
x7(t2):fffffcda
x28(t3):00000002
x29(t4):00000000
time:                  90
PC:00000038
Inst:0063e3b3
ra:00000000
x5(t0):00000193
x6(t1):00000326
x7(t2):fffffcda
x28(t3):00000002
x29(t4):00000000
time:                  96
PC:0000003c
Inst:00000013
ra:00000000
x5(t0):00000193
x6(t1):00000c98
x7(t2):fffffcda
x28(t3):00000002
x29(t4):00000000
time:                 102
PC:00000040
Inst:00000013
ra:00000000
x5(t0):00000193
x6(t1):00000c98
x7(t2):fffffcda
x28(t3):00000002
x29(t4):00000000
time:                 108
PC:00000044
Inst:7323fe93
ra:00000000
x5(t0):00000193
x6(t1):00000c98
x7(t2):fffffcda
x28(t3):00000002
x29(t4):00000000
time:                 114
PC:00000048
Inst:00000013
ra:00000000
x5(t0):00000193
x6(t1):00000c98
x7(t2):fffffcda
x28(t3):00000002
x29(t4):00000000
time:                 120
PC:0000004c
Inst:00000013
ra:00000000
x5(t0):00000193
x6(t1):00000c98
x7(t2):fffffcda
x28(t3):00000002
x29(t4):00000000
time:                 126
PC:00000050
Inst:005ede93
ra:00000000
x5(t0):00000193
x6(t1):00000c98
x7(t2):fffffcda
x28(t3):00000002
x29(t4):00000000
time:                 132
PC:00000054
Inst:00000013
ra:00000000
x5(t0):00000193
x6(t1):00000c98
x7(t2):fffffcda
x28(t3):00000002
x29(t4):00000412
time:                 138
PC:00000058
Inst:00000013
ra:00000000
x5(t0):00000193
x6(t1):00000c98
x7(t2):fffffcda
x28(t3):00000002
x29(t4):00000412
time:                 144
PC:0000005c
Inst:01c3d3b3
ra:00000000
x5(t0):00000193
x6(t1):00000c98
x7(t2):fffffcda
x28(t3):00000002
x29(t4):00000412
time:                 150
PC:00000060
Inst:00000013
ra:00000000
x5(t0):00000193
x6(t1):00000c98
x7(t2):fffffcda
x28(t3):00000002
x29(t4):00000020
time:                 156
PC:00000064
Inst:00000013
ra:00000000
x5(t0):00000193
x6(t1):00000c98
x7(t2):fffffcda
x28(t3):00000002
x29(t4):00000020
time:                 162
PC:00000068
Inst:01039393
ra:00000000
x5(t0):00000193
x6(t1):00000c98
x7(t2):fffffcda
x28(t3):00000002
x29(t4):00000020
time:                 168
PC:0000006c
Inst:00000013
ra:00000000
x5(t0):00000193
x6(t1):00000c98
x7(t2):3fffff36
x28(t3):00000002
x29(t4):00000020
time:                 174
PC:00000070
Inst:00000013
ra:00000000
x5(t0):00000193
x6(t1):00000c98
x7(t2):3fffff36
x28(t3):00000002
x29(t4):00000020
time:                 180
PC:00000074
Inst:41c3d3b3
ra:00000000
x5(t0):00000193
x6(t1):00000c98
x7(t2):3fffff36
x28(t3):00000002
x29(t4):00000020
time:                 186
PC:00000078
Inst:00629863
ra:00000000
x5(t0):00000193
x6(t1):00000c98
x7(t2):ff360000
x28(t3):00000002
x29(t4):00000020
time:                 192
PC:0000007c
Inst:00000013
ra:00000000
x5(t0):00000193
x6(t1):00000c98
x7(t2):ff360000
x28(t3):00000002
x29(t4):00000020
time:                 198
PC:00000080
Inst:00000013
ra:00000000
x5(t0):00000193
x6(t1):00000c98
x7(t2):ff360000
x28(t3):00000002
x29(t4):00000020
time:                 204
PC:00000088
Inst:02038863
ra:00000000
x5(t0):00000193
x6(t1):00000c98
x7(t2):ffcd8000
x28(t3):00000002
x29(t4):00000020
time:                 210
PC:0000008c
Inst:00000013
ra:00000000
x5(t0):00000193
x6(t1):00000c98
x7(t2):ffcd8000
x28(t3):00000002
x29(t4):00000020
time:                 216
PC:00000090
Inst:00000013
ra:00000000
x5(t0):00000193
x6(t1):00000c98
x7(t2):ffcd8000
x28(t3):00000002
x29(t4):00000020
time:                 222
PC:00000094
Inst:03d3d263
ra:00000000
x5(t0):00000193
x6(t1):00000c98
x7(t2):ffcd8000
x28(t3):00000002
x29(t4):00000020
time:                 228
PC:00000098
Inst:00000013
ra:00000000
x5(t0):00000193
x6(t1):00000c98
x7(t2):ffcd8000
x28(t3):00000002
x29(t4):00000020
time:                 234
PC:0000009c
Inst:00000013
ra:00000000
x5(t0):00000193
x6(t1):00000c98
x7(t2):ffcd8000
x28(t3):00000002
x29(t4):00000020
time:                 240
PC:000000a0
Inst:000382b3
ra:00000000
x5(t0):00000193
x6(t1):00000c98
x7(t2):ffcd8000
x28(t3):00000002
x29(t4):00000020
time:                 246
PC:000000a4
Inst:00000013
ra:00000000
x5(t0):00000193
x6(t1):00000c98
x7(t2):ffcd8000
x28(t3):00000002
x29(t4):00000020
time:                 252
PC:000000a8
Inst:00000013
ra:00000000
x5(t0):00000193
x6(t1):00000c98
x7(t2):ffcd8000
x28(t3):00000002
x29(t4):00000020
time:                 258
PC:000000ac
Inst:01d3c863
ra:00000000
x5(t0):00000193
x6(t1):00000c98
x7(t2):ffcd8000
x28(t3):00000002
x29(t4):00000020
time:                 264
PC:000000b0
Inst:00000013
ra:00000000
x5(t0):ffcd8000
x6(t1):00000c98
x7(t2):ffcd8000
x28(t3):00000002
x29(t4):00000020
time:                 270
PC:000000b4
Inst:00000013
ra:00000000
x5(t0):ffcd8000
x6(t1):00000c98
x7(t2):ffcd8000
x28(t3):00000002
x29(t4):00000020
time:                 276
PC:000000bc
Inst:00539c63
ra:00000000
x5(t0):ffcd8000
x6(t1):00000c98
x7(t2):ffcd8000
x28(t3):00000002
x29(t4):00000020
time:                 282
PC:000000c0
Inst:00000013
ra:00000000
x5(t0):ffcd8000
x6(t1):00000c98
x7(t2):ffcd8000
x28(t3):00000002
x29(t4):00000020
time:                 288
PC:000000c4
Inst:00000013
ra:00000000
x5(t0):ffcd8000
x6(t1):00000c98
x7(t2):ffcd8000
x28(t3):00000002
x29(t4):00000020
time:                 294
PC:000000c8
Inst:00538863
ra:00000000
x5(t0):ffcd8000
x6(t1):00000c98
x7(t2):ffcd8000
x28(t3):00000002
x29(t4):00000020
time:                 300
PC:000000cc
Inst:00000013
ra:00000000
x5(t0):ffcd8000
x6(t1):00000c98
x7(t2):ffcd8000
x28(t3):00000002
x29(t4):00000020
time:                 306
PC:000000d0
Inst:00000013
ra:00000000
x5(t0):ffcd8000
x6(t1):00000c98
x7(t2):ffcd8000
x28(t3):00000002
x29(t4):00000020
time:                 312
PC:000000d8
Inst:01d34c63
ra:00000000
x5(t0):ffcd8000
x6(t1):00000c98
x7(t2):ffcd8000
x28(t3):00000002
x29(t4):00000020
time:                 318
PC:000000dc
Inst:00000013
ra:00000000
x5(t0):ffcd8000
x6(t1):00000c98
x7(t2):ffcd8000
x28(t3):00000002
x29(t4):00000020
time:                 324
PC:000000e0
Inst:00000013
ra:00000000
x5(t0):ffcd8000
x6(t1):00000c98
x7(t2):ffcd8000
x28(t3):00000002
x29(t4):00000020
time:                 330
PC:000000e4
Inst:01c35863
ra:00000000
x5(t0):ffcd8000
x6(t1):00000c98
x7(t2):ffcd8000
x28(t3):00000002
x29(t4):00000020
time:                 336
PC:000000e8
Inst:00000013
ra:00000000
x5(t0):ffcd8000
x6(t1):00000c98
x7(t2):ffcd8000
x28(t3):00000002
x29(t4):00000020
time:                 342
PC:000000ec
Inst:00000013
ra:00000000
x5(t0):ffcd8000
x6(t1):00000c98
x7(t2):ffcd8000
x28(t3):00000002
x29(t4):00000020
time:                 348
PC:000000f4
Inst:00000eb3
ra:00000000
x5(t0):ffcd8000
x6(t1):00000c98
x7(t2):ffcd8000
x28(t3):00000002
x29(t4):00000020
time:                 354
PC:000000f8
Inst:018000ef
ra:00000000
x5(t0):ffcd8000
x6(t1):00000c98
x7(t2):ffcd8000
x28(t3):00000002
x29(t4):00000020
time:                 360
PC:000000fc
Inst:00000013
ra:00000000
x5(t0):ffcd8000
x6(t1):00000c98
x7(t2):ffcd8000
x28(t3):00000002
x29(t4):00000020
time:                 366
PC:00000100
Inst:00000013
ra:00000000
x5(t0):ffcd8000
x6(t1):00000c98
x7(t2):ffcd8000
x28(t3):00000002
x29(t4):00000020
time:                 372
PC:00000110
Inst:00512023
ra:00000000
x5(t0):ffcd8000
x6(t1):00000c98
x7(t2):ffcd8000
x28(t3):00000002
x29(t4):00000000
time:                 378
PC:00000114
Inst:00610223
ra:000000fc
x5(t0):ffcd8000
x6(t1):00000c98
x7(t2):ffcd8000
x28(t3):00000002
x29(t4):00000000
time:                 384
PC:00000118
Inst:00012e83
ra:000000fc
x5(t0):ffcd8000
x6(t1):00000c98
x7(t2):ffcd8000
x28(t3):00000002
x29(t4):00000000
time:                 390
PC:0000011c
Inst:00410e83
ra:000000fc
x5(t0):ffcd8000
x6(t1):00000c98
x7(t2):ffcd8000
x28(t3):00000002
x29(t4):00000000
time:                 396
PC:00000120
Inst:00414e83
ra:000000fc
x5(t0):ffcd8000
x6(t1):00000c98
x7(t2):ffcd8000
x28(t3):00000002
x29(t4):00000000
time:                 402
PC:00000124
Inst:00008067
ra:000000fc
x5(t0):ffcd8000
x6(t1):00000c98
x7(t2):ffcd8000
x28(t3):00000002
x29(t4):00000000
time:                 408
PC:00000128
Inst:00000013
ra:000000fc
x5(t0):ffcd8000
x6(t1):00000c98
x7(t2):ffcd8000
x28(t3):00000002
x29(t4):ffcd8000
time:                 414
PC:0000012c
Inst:00000013
ra:000000fc
x5(t0):ffcd8000
x6(t1):00000c98
x7(t2):ffcd8000
x28(t3):00000002
x29(t4):ffffff98
time:                 420
PC:000000fc
Inst:00000013
ra:000000fc
x5(t0):ffcd8000
x6(t1):00000c98
x7(t2):ffcd8000
x28(t3):00000002
x29(t4):00000098
time:                 426
PC:00000100
Inst:00000013
ra:000000fc
x5(t0):ffcd8000
x6(t1):00000c98
x7(t2):ffcd8000
x28(t3):00000002
x29(t4):00000098
time:                 432
PC:00000104
Inst:02728863
ra:000000fc
x5(t0):ffcd8000
x6(t1):00000c98
x7(t2):ffcd8000
x28(t3):00000002
x29(t4):00000098
time:                 438
PC:00000108
Inst:00000013
ra:000000fc
x5(t0):ffcd8000
x6(t1):00000c98
x7(t2):ffcd8000
x28(t3):00000002
x29(t4):00000098
time:                 444
PC:0000010c
Inst:00000013
ra:000000fc
x5(t0):ffcd8000
x6(t1):00000c98
x7(t2):ffcd8000
x28(t3):00000002
x29(t4):00000098
time:                 450
PC:00000134
Inst:000003b3
ra:000000fc
x5(t0):ffcd8000
x6(t1):00000c98
x7(t2):ffcd8000
x28(t3):00000002
x29(t4):00000098
time:                 456
PC:00000138
Inst:00000000
ra:000000fc
x5(t0):ffcd8000
x6(t1):00000c98
x7(t2):ffcd8000
x28(t3):00000002
x29(t4):00000098
time:                 462
PC:0000013c
Inst:00000000
ra:000000fc
x5(t0):ffcd8000
x6(t1):00000c98
x7(t2):ffcd8000
x28(t3):00000002
x29(t4):00000098
time:                 468
PC:00000140
Inst:00000000
ra:000000fc
x5(t0):ffcd8000
x6(t1):00000c98
x7(t2):ffcd8000
x28(t3):00000002
x29(t4):00000098
time:                 474
PC:00000144
Inst:00000000
ra:000000fc
x5(t0):ffcd8000
x6(t1):00000c98
x7(t2):00000000
x28(t3):00000002
x29(t4):00000098
time:                 480
PC:00000148
Inst:00000000
ra:000000fc
x5(t0):ffcd8000
x6(t1):00000c98
x7(t2):00000000
x28(t3):00000002
x29(t4):00000098
time:                 486
PC:0000014c
Inst:00000000
ra:000000fc
x5(t0):ffcd8000
x6(t1):00000c98
x7(t2):00000000
x28(t3):00000002
x29(t4):00000098
time:                 492
PC:00000150
Inst:00000000
ra:000000fc
x5(t0):ffcd8000
x6(t1):00000c98
x7(t2):00000000
x28(t3):00000002
x29(t4):00000098
time:                 498
PC:00000154
Inst:00000000
ra:000000fc
x5(t0):ffcd8000
x6(t1):00000c98
x7(t2):00000000
x28(t3):00000002
x29(t4):00000098
time:                 504
PC:00000158
Inst:00000000
ra:000000fc
x5(t0):ffcd8000
x6(t1):00000c98
x7(t2):00000000
x28(t3):00000002
x29(t4):00000098
time:                 510
PC:0000015c
Inst:00000000
ra:000000fc
x5(t0):ffcd8000
x6(t1):00000c98
x7(t2):00000000
x28(t3):00000002
x29(t4):00000098
time:                 516
PC:00000160
Inst:00000000
ra:000000fc
x5(t0):ffcd8000
x6(t1):00000c98
x7(t2):00000000
x28(t3):00000002
x29(t4):00000098
time:                 522
PC:00000164
Inst:00000000
ra:000000fc
x5(t0):ffcd8000
x6(t1):00000c98
x7(t2):00000000
x28(t3):00000002
x29(t4):00000098
time:                 528
PC:00000168
Inst:00000000
ra:000000fc
x5(t0):ffcd8000
x6(t1):00000c98
x7(t2):00000000
x28(t3):00000002
x29(t4):00000098
time:                 534
PC:0000016c
Inst:00000000
ra:000000fc
x5(t0):ffcd8000
x6(t1):00000c98
x7(t2):00000000
x28(t3):00000002
x29(t4):00000098
time:                 540
PC:00000170
Inst:00000000
ra:000000fc
x5(t0):ffcd8000
x6(t1):00000c98
x7(t2):00000000
x28(t3):00000002
x29(t4):00000098
time:                 546
PC:00000174
Inst:00000000
ra:000000fc
x5(t0):ffcd8000
x6(t1):00000c98
x7(t2):00000000
x28(t3):00000002
x29(t4):00000098
time:                 552
PC:00000178
Inst:00000000
ra:000000fc
x5(t0):ffcd8000
x6(t1):00000c98
x7(t2):00000000
x28(t3):00000002
x29(t4):00000098
time:                 558
PC:0000017c
Inst:00000000
ra:000000fc
x5(t0):ffcd8000
x6(t1):00000c98
x7(t2):00000000
x28(t3):00000002
x29(t4):00000098
time:                 564
PC:00000180
Inst:00000000
ra:000000fc
x5(t0):ffcd8000
x6(t1):00000c98
x7(t2):00000000
x28(t3):00000002
x29(t4):00000098
time:                 570
PC:00000184
Inst:00000000
ra:000000fc
x5(t0):ffcd8000
x6(t1):00000c98
x7(t2):00000000
x28(t3):00000002
x29(t4):00000098
time:                 576
PC:00000188
Inst:00000000
ra:000000fc
x5(t0):ffcd8000
x6(t1):00000c98
x7(t2):00000000
x28(t3):00000002
x29(t4):00000098
time:                 582
PC:0000018c
Inst:00000000
ra:000000fc
x5(t0):ffcd8000
x6(t1):00000c98
x7(t2):00000000
x28(t3):00000002
x29(t4):00000098
time:                 588
PC:00000190
Inst:00000000
ra:000000fc
x5(t0):ffcd8000
x6(t1):00000c98
x7(t2):00000000
x28(t3):00000002
x29(t4):00000098
time:                 594
PC:00000194
Inst:00000000
ra:000000fc
x5(t0):ffcd8000
x6(t1):00000c98
x7(t2):00000000
x28(t3):00000002
x29(t4):00000098
$stop called at time : 600 ns : File "D:/VE370_Vivado/Lab_3/Lab_3.srcs/sim_1/new/Sim.v" Line 49
