Time resolution is 1 ps
time:                   6
PC:00000000
Inst:ff600293
x5(t0):00000000
x6(t1):00000000
x7(t2):00000000
x28(t3):00000000
x29(t4):00000000
x8(s0):00000000
x9(s1):00000000
Mem[0]:00000000
Mem[4]:00000000
time:                  12
PC:00000004
Inst:00528333
x5(t0):fffffff6
x6(t1):00000000
x7(t2):00000000
x28(t3):00000000
x29(t4):00000000
x8(s0):00000000
x9(s1):00000000
Mem[0]:00000000
Mem[4]:00000000
time:                  18
PC:00000008
Inst:406283b3
x5(t0):fffffff6
x6(t1):ffffffec
x7(t2):00000000
x28(t3):00000000
x29(t4):00000000
x8(s0):00000000
x9(s1):00000000
Mem[0]:00000000
Mem[4]:00000000
time:                  24
PC:0000000c
Inst:00037e33
x5(t0):fffffff6
x6(t1):ffffffec
x7(t2):0000000a
x28(t3):00000000
x29(t4):00000000
x8(s0):00000000
x9(s1):00000000
Mem[0]:00000000
Mem[4]:00000000
time:                  30
PC:00000010
Inst:00536eb3
x5(t0):fffffff6
x6(t1):ffffffec
x7(t2):0000000a
x28(t3):00000000
x29(t4):00000000
x8(s0):00000000
x9(s1):00000000
Mem[0]:00000000
Mem[4]:00000000
time:                  36
PC:00000014
Inst:01d02023
x5(t0):fffffff6
x6(t1):ffffffec
x7(t2):0000000a
x28(t3):00000000
x29(t4):fffffffe
x8(s0):00000000
x9(s1):00000000
Mem[0]:00000000
Mem[4]:00000000
time:                  42
PC:00000018
Inst:00502223
x5(t0):fffffff6
x6(t1):ffffffec
x7(t2):0000000a
x28(t3):00000000
x29(t4):fffffffe
x8(s0):00000000
x9(s1):00000000
Mem[0]:fffffffe
Mem[4]:00000000
time:                  48
PC:0000001c
Inst:00028463
x5(t0):fffffff6
x6(t1):ffffffec
x7(t2):0000000a
x28(t3):00000000
x29(t4):fffffffe
x8(s0):00000000
x9(s1):00000000
Mem[0]:fffffffe
Mem[4]:fffffff6
time:                  54
PC:00000020
Inst:00030eb3
x5(t0):fffffff6
x6(t1):ffffffec
x7(t2):0000000a
x28(t3):00000000
x29(t4):fffffffe
x8(s0):00000000
x9(s1):00000000
Mem[0]:fffffffe
Mem[4]:fffffff6
time:                  60
PC:00000024
Inst:01d31463
x5(t0):fffffff6
x6(t1):ffffffec
x7(t2):0000000a
x28(t3):00000000
x29(t4):ffffffec
x8(s0):00000000
x9(s1):00000000
Mem[0]:fffffffe
Mem[4]:fffffff6
time:                  66
PC:00000028
Inst:01c31463
x5(t0):fffffff6
x6(t1):ffffffec
x7(t2):0000000a
x28(t3):00000000
x29(t4):ffffffec
x8(s0):00000000
x9(s1):00000000
Mem[0]:fffffffe
Mem[4]:fffffff6
time:                  72
PC:00000030
Inst:00002403
x5(t0):fffffff6
x6(t1):ffffffec
x7(t2):0000000a
x28(t3):00000000
x29(t4):ffffffec
x8(s0):00000000
x9(s1):00000000
Mem[0]:fffffffe
Mem[4]:fffffff6
time:                  78
PC:00000034
Inst:00402483
x5(t0):fffffff6
x6(t1):ffffffec
x7(t2):0000000a
x28(t3):00000000
x29(t4):ffffffec
x8(s0):fffffffe
x9(s1):00000000
Mem[0]:fffffffe
Mem[4]:fffffff6
time:                  84
PC:00000038
Inst:00848493
x5(t0):fffffff6
x6(t1):ffffffec
x7(t2):0000000a
x28(t3):00000000
x29(t4):ffffffec
x8(s0):fffffffe
x9(s1):fffffff6
Mem[0]:fffffffe
Mem[4]:fffffff6
time:                  90
PC:0000003c
Inst:00940463
x5(t0):fffffff6
x6(t1):ffffffec
x7(t2):0000000a
x28(t3):00000000
x29(t4):ffffffec
x8(s0):fffffffe
x9(s1):fffffffe
Mem[0]:fffffffe
Mem[4]:fffffff6
time:                  96
PC:00000044
Inst:007383b3
x5(t0):fffffff6
x6(t1):ffffffec
x7(t2):0000000a
x28(t3):00000000
x29(t4):ffffffec
x8(s0):fffffffe
x9(s1):fffffffe
Mem[0]:fffffffe
Mem[4]:fffffff6
time:                 102
PC:00000048
Inst:00000000
x5(t0):fffffff6
x6(t1):ffffffec
x7(t2):00000014
x28(t3):00000000
x29(t4):ffffffec
x8(s0):fffffffe
x9(s1):fffffffe
Mem[0]:fffffffe
Mem[4]:fffffff6
time:                 108
PC:0000004c
Inst:00000000
x5(t0):fffffff6
x6(t1):ffffffec
x7(t2):00000014
x28(t3):00000000
x29(t4):ffffffec
x8(s0):fffffffe
x9(s1):fffffffe
Mem[0]:fffffffe
Mem[4]:fffffff6
$stop called at time : 110 ns : File "D:/VE370_Vivado/Lab2/Lab2.srcs/sim_1/new/Sim.v" Line 53
